<?xml version="1.0" encoding="UTF-8"?>
<testsuite name="JUnit Jupiter" tests="4" skipped="0" failures="3" errors="0" time="0.05" hostname="pawelwitek.local" timestamp="2018-03-11T14:16:37">
<properties>
<property name="awt.toolkit" value="sun.lwawt.macosx.LWCToolkit"/>
<property name="file.encoding" value="UTF-8"/>
<property name="file.encoding.pkg" value="sun.io"/>
<property name="file.separator" value="/"/>
<property name="gopherProxySet" value="false"/>
<property name="java.awt.graphicsenv" value="sun.awt.CGraphicsEnvironment"/>
<property name="java.awt.printerjob" value="sun.lwawt.macosx.CPrinterJob"/>
<property name="java.class.path" value="/Users/carlos/git-personal/by-example-blog/2018-03-10-it-is-always-utc-time/build/classes/java/test:/Users/carlos/git-personal/by-example-blog/2018-03-10-it-is-always-utc-time/build/resources/test:/Users/carlos/git-personal/by-example-blog/2018-03-10-it-is-always-utc-time/build/classes/java/main:/Users/carlos/git-personal/by-example-blog/2018-03-10-it-is-always-utc-time/build/resources/main:/Users/carlos/.gradle/caches/modules-2/files-2.1/com.google.inject.extensions/guice-persist/4.2.0/134fc2aa8d3c42f1d8dd36c2c8c651486adde3a4/guice-persist-4.2.0.jar:/Users/carlos/.gradle/caches/modules-2/files-2.1/com.google.inject/guice/4.2.0/25e1f4c1d528a1cffabcca0d432f634f3132f6c8/guice-4.2.0.jar:/Users/carlos/.gradle/caches/modules-2/files-2.1/org.hibernate/hibernate-entitymanager/5.3.0.CR1/86250407ba77daea386cf5da708f0b59b7d72d95/hibernate-entitymanager-5.3.0.CR1.jar:/Users/carlos/.gradle/caches/modules-2/files-2.1/org.hibernate/hibernate-c3p0/5.3.0.CR1/1ffa90e1dda14adee06facbc827e9143ca426589/hibernate-c3p0-5.3.0.CR1.jar:/Users/carlos/.gradle/caches/modules-2/files-2.1/org.hibernate/hibernate-core/5.3.0.CR1/bc0e156b446796e5a0d7af117463df8ad65dce4c/hibernate-core-5.3.0.CR1.jar:/Users/carlos/.gradle/caches/modules-2/files-2.1/org.hsqldb/hsqldb/2.4.0/195957160ed990dbc798207c0d577280d9919208/hsqldb-2.4.0.jar:/Users/carlos/.gradle/caches/modules-2/files-2.1/org.junit.jupiter/junit-jupiter-engine/5.1.0/c54b96b465bb5b49c7708d734a4180dd95422754/junit-jupiter-engine-5.1.0.jar:/Users/carlos/.gradle/caches/modules-2/files-2.1/org.junit.jupiter/junit-jupiter-api/5.1.0/370218fbc7ce9cf0600c4b5db400bccdf0c01a48/junit-jupiter-api-5.1.0.jar:/Users/carlos/.gradle/caches/modules-2/files-2.1/org.apache.logging.log4j/log4j-core/2.9.0/52f6548ae1688e126c29b5dc400929dc0128615/log4j-core-2.9.0.jar:/Users/carlos/.gradle/caches/modules-2/files-2.1/org.apache.logging.log4j/log4j-jul/2.9.0/42fcf24286676172f2cf4665a6bdf23e1fbf6bae/log4j-jul-2.9.0.jar:/Users/carlos/.gradle/caches/modules-2/files-2.1/javax.inject/javax.inject/1/6975da39a7040257bd51d21a231b76c915872d38/javax.inject-1.jar:/Users/carlos/.gradle/caches/modules-2/files-2.1/aopalliance/aopalliance/1.0/235ba8b489512805ac13a8f9ea77a1ca5ebe3e8/aopalliance-1.0.jar:/Users/carlos/.gradle/caches/modules-2/files-2.1/com.google.guava/guava/23.6-android/13f7bbf4f1b95dbec11df43200bfdb913ccd4072/guava-23.6-android.jar:/Users/carlos/.gradle/caches/modules-2/files-2.1/org.hibernate.common/hibernate-commons-annotations/5.0.2.Final/f35f9e2a0969a37fe3794716c47c2d5974a2d94a/hibernate-commons-annotations-5.0.2.Final.jar:/Users/carlos/.gradle/caches/modules-2/files-2.1/org.jboss.logging/jboss-logging/3.3.1.Final/c46217ab74b532568c0ed31dc599db3048bd1b67/jboss-logging-3.3.1.Final.jar:/Users/carlos/.gradle/caches/modules-2/files-2.1/javax.persistence/javax.persistence-api/2.2/25665ac8c0b62f50e6488173233239120fc52c96/javax.persistence-api-2.2.jar:/Users/carlos/.gradle/caches/modules-2/files-2.1/org.javassist/javassist/3.22.0-GA/3e83394258ae2089be7219b971ec21a8288528ad/javassist-3.22.0-GA.jar:/Users/carlos/.gradle/caches/modules-2/files-2.1/antlr/antlr/2.7.7/83cd2cd674a217ade95a4bb83a8a14f351f48bd0/antlr-2.7.7.jar:/Users/carlos/.gradle/caches/modules-2/files-2.1/org.jboss.spec.javax.transaction/jboss-transaction-api_1.2_spec/1.0.1.Final/4441f144a2a1f46ed48fcc6b476a4b6295e6d524/jboss-transaction-api_1.2_spec-1.0.1.Final.jar:/Users/carlos/.gradle/caches/modules-2/files-2.1/org.jboss/jandex/2.0.3.Final/bfc4d6257dbff7a33a357f0de116be6ff951d849/jandex-2.0.3.Final.jar:/Users/carlos/.gradle/caches/modules-2/files-2.1/com.fasterxml/classmate/1.3.0/183407ff982e9375f1a1c4a51ed0a9307c598fc7/classmate-1.3.0.jar:/Users/carlos/.gradle/caches/modules-2/files-2.1/dom4j/dom4j/1.6.1/5d3ccc056b6f056dbf0dddfdf43894b9065a8f94/dom4j-1.6.1.jar:/Users/carlos/.gradle/caches/modules-2/files-2.1/net.bytebuddy/byte-buddy/1.6.14/871c3e49dc6183d0d361601c2f1d11abb1a6b48c/byte-buddy-1.6.14.jar:/Users/carlos/.gradle/caches/modules-2/files-2.1/com.mchange/c3p0/0.9.5.2/5f86cb6130bc6e8475615ed82d5b5e6fb226a86a/c3p0-0.9.5.2.jar:/Users/carlos/.gradle/caches/modules-2/files-2.1/org.junit.platform/junit-platform-engine/1.1.0/2596bd4d909e7ea8d029272db4338075445d731b/junit-platform-engine-1.1.0.jar:/Users/carlos/.gradle/caches/modules-2/files-2.1/org.junit.platform/junit-platform-commons/1.1.0/d6aa21029f9cedfb4cc8a9e9efc0bd97987205b8/junit-platform-commons-1.1.0.jar:/Users/carlos/.gradle/caches/modules-2/files-2.1/org.apiguardian/apiguardian-api/1.0.0/3ef5276905e36f4d8055fe3cb0bdcc7503ffc85d/apiguardian-api-1.0.0.jar:/Users/carlos/.gradle/caches/modules-2/files-2.1/org.opentest4j/opentest4j/1.0.0/6f09c598e9ff64bf0ce2fa7e7de49a99ba83c0b4/opentest4j-1.0.0.jar:/Users/carlos/.gradle/caches/modules-2/files-2.1/org.apache.logging.log4j/log4j-api/2.9.0/e0dcd508dfc4864a2f5a1963d6ffad170d970375/log4j-api-2.9.0.jar:/Users/carlos/.gradle/caches/modules-2/files-2.1/com.google.code.findbugs/jsr305/1.3.9/40719ea6961c0cb6afaeb6a921eaa1f6afd4cfdf/jsr305-1.3.9.jar:/Users/carlos/.gradle/caches/modules-2/files-2.1/org.checkerframework/checker-compat-qual/2.0.0/fc89b03860d11d6213d0154a62bcd1c2f69b9efa/checker-compat-qual-2.0.0.jar:/Users/carlos/.gradle/caches/modules-2/files-2.1/com.google.errorprone/error_prone_annotations/2.1.3/39b109f2cd352b2d71b52a3b5a1a9850e1dc304b/error_prone_annotations-2.1.3.jar:/Users/carlos/.gradle/caches/modules-2/files-2.1/com.google.j2objc/j2objc-annotations/1.1/ed28ded51a8b1c6b112568def5f4b455e6809019/j2objc-annotations-1.1.jar:/Users/carlos/.gradle/caches/modules-2/files-2.1/org.codehaus.mojo/animal-sniffer-annotations/1.14/775b7e22fb10026eed3f86e8dc556dfafe35f2d5/animal-sniffer-annotations-1.14.jar:/Users/carlos/.gradle/caches/modules-2/files-2.1/com.mchange/mchange-commons-java/0.2.11/2a6a6c1fe25f28f5a073171956ce6250813467ef/mchange-commons-java-0.2.11.jar:/Users/carlos/.gradle/caches/modules-2/files-2.1/org.junit.platform/junit-platform-console/1.1.0/1ea376db54ab4ec0018c5e99d414e1c7c034387/junit-platform-console-1.1.0.jar:/Users/carlos/.gradle/caches/modules-2/files-2.1/org.junit.platform/junit-platform-launcher/1.1.0/ba098edde4e59cacd9225e238ea3ad9c946684ab/junit-platform-launcher-1.1.0.jar"/>
<property name="java.class.version" value="52.0"/>
<property name="java.endorsed.dirs" value="/Library/Java/JavaVirtualMachines/jdk1.8.0_121.jdk/Contents/Home/jre/lib/endorsed"/>
<property name="java.ext.dirs" value="/Users/carlos/Library/Java/Extensions:/Library/Java/JavaVirtualMachines/jdk1.8.0_121.jdk/Contents/Home/jre/lib/ext:/Library/Java/Extensions:/Network/Library/Java/Extensions:/System/Library/Java/Extensions:/usr/lib/java"/>
<property name="java.home" value="/Library/Java/JavaVirtualMachines/jdk1.8.0_121.jdk/Contents/Home/jre"/>
<property name="java.io.tmpdir" value="/var/folders/6z/mljs1sqj6ms7snzrk39412fw0000gn/T/"/>
<property name="java.library.path" value="/Users/carlos/Library/Java/Extensions:/Library/Java/Extensions:/Network/Library/Java/Extensions:/System/Library/Java/Extensions:/usr/lib/java:."/>
<property name="java.runtime.name" value="Java(TM) SE Runtime Environment"/>
<property name="java.runtime.version" value="1.8.0_121-b13"/>
<property name="java.specification.name" value="Java Platform API Specification"/>
<property name="java.specification.vendor" value="Oracle Corporation"/>
<property name="java.specification.version" value="1.8"/>
<property name="java.util.logging.manager" value="org.apache.logging.log4j.jul.LogManager"/>
<property name="java.vendor" value="Oracle Corporation"/>
<property name="java.vendor.url" value="http://java.oracle.com/"/>
<property name="java.vendor.url.bug" value="http://bugreport.sun.com/bugreport/"/>
<property name="java.version" value="1.8.0_121"/>
<property name="java.vm.info" value="mixed mode"/>
<property name="java.vm.name" value="Java HotSpot(TM) 64-Bit Server VM"/>
<property name="java.vm.specification.name" value="Java Virtual Machine Specification"/>
<property name="java.vm.specification.vendor" value="Oracle Corporation"/>
<property name="java.vm.specification.version" value="1.8"/>
<property name="java.vm.vendor" value="Oracle Corporation"/>
<property name="java.vm.version" value="25.121-b13"/>
<property name="line.separator" value="
"/>
<property name="os.arch" value="x86_64"/>
<property name="os.name" value="Mac OS X"/>
<property name="os.version" value="10.13.3"/>
<property name="path.separator" value=":"/>
<property name="sun.arch.data.model" value="64"/>
<property name="sun.boot.class.path" value="/Library/Java/JavaVirtualMachines/jdk1.8.0_121.jdk/Contents/Home/jre/lib/resources.jar:/Library/Java/JavaVirtualMachines/jdk1.8.0_121.jdk/Contents/Home/jre/lib/rt.jar:/Library/Java/JavaVirtualMachines/jdk1.8.0_121.jdk/Contents/Home/jre/lib/sunrsasign.jar:/Library/Java/JavaVirtualMachines/jdk1.8.0_121.jdk/Contents/Home/jre/lib/jsse.jar:/Library/Java/JavaVirtualMachines/jdk1.8.0_121.jdk/Contents/Home/jre/lib/jce.jar:/Library/Java/JavaVirtualMachines/jdk1.8.0_121.jdk/Contents/Home/jre/lib/charsets.jar:/Library/Java/JavaVirtualMachines/jdk1.8.0_121.jdk/Contents/Home/jre/lib/jfr.jar:/Library/Java/JavaVirtualMachines/jdk1.8.0_121.jdk/Contents/Home/jre/classes"/>
<property name="sun.boot.library.path" value="/Library/Java/JavaVirtualMachines/jdk1.8.0_121.jdk/Contents/Home/jre/lib"/>
<property name="sun.cpu.endian" value="little"/>
<property name="sun.cpu.isalist" value=""/>
<property name="sun.io.unicode.encoding" value="UnicodeBig"/>
<property name="sun.java.command" value="org.junit.platform.console.ConsoleLauncher --details NONE --scan-class-path /Users/carlos/git-personal/by-example-blog/2018-03-10-it-is-always-utc-time/build/classes/java/main:/Users/carlos/git-personal/by-example-blog/2018-03-10-it-is-always-utc-time/build/resources/main:/Users/carlos/git-personal/by-example-blog/2018-03-10-it-is-always-utc-time/build/classes/java/test:/Users/carlos/git-personal/by-example-blog/2018-03-10-it-is-always-utc-time/build/resources/test -n ^.*Tests?$ -T slow --reports-dir /Users/carlos/git-personal/by-example-blog/2018-03-10-it-is-always-utc-time/build/test-results/junit-platform"/>
<property name="sun.java.launcher" value="SUN_STANDARD"/>
<property name="sun.jnu.encoding" value="UTF-8"/>
<property name="sun.management.compiler" value="HotSpot 64-Bit Tiered Compilers"/>
<property name="sun.os.patch.level" value="unknown"/>
<property name="user.country" value="GB"/>
<property name="user.dir" value="/Users/carlos/git-personal/by-example-blog/2018-03-10-it-is-always-utc-time"/>
<property name="user.home" value="/Users/carlos"/>
<property name="user.language" value="en"/>
<property name="user.name" value="carlos"/>
<property name="user.timezone" value="Europe/London"/>
<property name="user.variant" value=""/>
</properties>
<testcase name="test_returningUser_afterAWeek()" classname="org.carlos_witek.it_is_always_utc_time.ilustration3.ExampleManagerTest" time="0.013">
<failure message="expected: &lt;Hello, I haven't see you since last week!&gt; but was: &lt;Hello, nice to meet you!&gt;" type="org.opentest4j.AssertionFailedError"><![CDATA[org.opentest4j.AssertionFailedError: expected: <Hello, I haven't see you since last week!> but was: <Hello, nice to meet you!>
	at org.junit.jupiter.api.AssertionUtils.fail(AssertionUtils.java:52)
	at org.junit.jupiter.api.AssertEquals.failNotEqual(AssertEquals.java:197)
	at org.junit.jupiter.api.AssertEquals.assertEquals(AssertEquals.java:186)
	at org.junit.jupiter.api.AssertEquals.assertEquals(AssertEquals.java:181)
	at org.junit.jupiter.api.Assertions.assertEquals(Assertions.java:486)
	at org.carlos_witek.it_is_always_utc_time.ilustration3.ExampleManagerTest.test_returningUser_afterAWeek(ExampleManagerTest.java:57)
	at sun.reflect.NativeMethodAccessorImpl.invoke0(Native Method)
	at sun.reflect.NativeMethodAccessorImpl.invoke(NativeMethodAccessorImpl.java:62)
	at sun.reflect.DelegatingMethodAccessorImpl.invoke(DelegatingMethodAccessorImpl.java:43)
	at java.lang.reflect.Method.invoke(Method.java:498)
	at org.junit.platform.commons.util.ReflectionUtils.invokeMethod(ReflectionUtils.java:436)
	at org.junit.jupiter.engine.execution.ExecutableInvoker.invoke(ExecutableInvoker.java:115)
	at org.junit.jupiter.engine.descriptor.TestMethodTestDescriptor.lambda$invokeTestMethod$6(TestMethodTestDescriptor.java:170)
	at org.junit.jupiter.engine.execution.ThrowableCollector.execute(ThrowableCollector.java:40)
	at org.junit.jupiter.engine.descriptor.TestMethodTestDescriptor.invokeTestMethod(TestMethodTestDescriptor.java:166)
	at org.junit.jupiter.engine.descriptor.TestMethodTestDescriptor.execute(TestMethodTestDescriptor.java:113)
	at org.junit.jupiter.engine.descriptor.TestMethodTestDescriptor.execute(TestMethodTestDescriptor.java:58)
	at org.junit.platform.engine.support.hierarchical.HierarchicalTestExecutor$NodeExecutor.lambda$executeRecursively$3(HierarchicalTestExecutor.java:112)
	at org.junit.platform.engine.support.hierarchical.SingleTestExecutor.executeSafely(SingleTestExecutor.java:66)
	at org.junit.platform.engine.support.hierarchical.HierarchicalTestExecutor$NodeExecutor.executeRecursively(HierarchicalTestExecutor.java:108)
	at org.junit.platform.engine.support.hierarchical.HierarchicalTestExecutor$NodeExecutor.execute(HierarchicalTestExecutor.java:79)
	at org.junit.platform.engine.support.hierarchical.HierarchicalTestExecutor$NodeExecutor.lambda$executeRecursively$2(HierarchicalTestExecutor.java:120)
	at java.util.stream.ForEachOps$ForEachOp$OfRef.accept(ForEachOps.java:184)
	at java.util.stream.ReferencePipeline$2$1.accept(ReferencePipeline.java:175)
	at java.util.Iterator.forEachRemaining(Iterator.java:116)
	at java.util.Spliterators$IteratorSpliterator.forEachRemaining(Spliterators.java:1801)
	at java.util.stream.AbstractPipeline.copyInto(AbstractPipeline.java:481)
	at java.util.stream.AbstractPipeline.wrapAndCopyInto(AbstractPipeline.java:471)
	at java.util.stream.ForEachOps$ForEachOp.evaluateSequential(ForEachOps.java:151)
	at java.util.stream.ForEachOps$ForEachOp$OfRef.evaluateSequential(ForEachOps.java:174)
	at java.util.stream.AbstractPipeline.evaluate(AbstractPipeline.java:234)
	at java.util.stream.ReferencePipeline.forEach(ReferencePipeline.java:418)
	at org.junit.platform.engine.support.hierarchical.HierarchicalTestExecutor$NodeExecutor.lambda$executeRecursively$3(HierarchicalTestExecutor.java:120)
	at org.junit.platform.engine.support.hierarchical.SingleTestExecutor.executeSafely(SingleTestExecutor.java:66)
	at org.junit.platform.engine.support.hierarchical.HierarchicalTestExecutor$NodeExecutor.executeRecursively(HierarchicalTestExecutor.java:108)
	at org.junit.platform.engine.support.hierarchical.HierarchicalTestExecutor$NodeExecutor.execute(HierarchicalTestExecutor.java:79)
	at org.junit.platform.engine.support.hierarchical.HierarchicalTestExecutor$NodeExecutor.lambda$executeRecursively$2(HierarchicalTestExecutor.java:120)
	at java.util.stream.ForEachOps$ForEachOp$OfRef.accept(ForEachOps.java:184)
	at java.util.stream.ReferencePipeline$2$1.accept(ReferencePipeline.java:175)
	at java.util.Iterator.forEachRemaining(Iterator.java:116)
	at java.util.Spliterators$IteratorSpliterator.forEachRemaining(Spliterators.java:1801)
	at java.util.stream.AbstractPipeline.copyInto(AbstractPipeline.java:481)
	at java.util.stream.AbstractPipeline.wrapAndCopyInto(AbstractPipeline.java:471)
	at java.util.stream.ForEachOps$ForEachOp.evaluateSequential(ForEachOps.java:151)
	at java.util.stream.ForEachOps$ForEachOp$OfRef.evaluateSequential(ForEachOps.java:174)
	at java.util.stream.AbstractPipeline.evaluate(AbstractPipeline.java:234)
	at java.util.stream.ReferencePipeline.forEach(ReferencePipeline.java:418)
	at org.junit.platform.engine.support.hierarchical.HierarchicalTestExecutor$NodeExecutor.lambda$executeRecursively$3(HierarchicalTestExecutor.java:120)
	at org.junit.platform.engine.support.hierarchical.SingleTestExecutor.executeSafely(SingleTestExecutor.java:66)
	at org.junit.platform.engine.support.hierarchical.HierarchicalTestExecutor$NodeExecutor.executeRecursively(HierarchicalTestExecutor.java:108)
	at org.junit.platform.engine.support.hierarchical.HierarchicalTestExecutor$NodeExecutor.execute(HierarchicalTestExecutor.java:79)
	at org.junit.platform.engine.support.hierarchical.HierarchicalTestExecutor.execute(HierarchicalTestExecutor.java:55)
	at org.junit.platform.engine.support.hierarchical.HierarchicalTestEngine.execute(HierarchicalTestEngine.java:43)
	at org.junit.platform.launcher.core.DefaultLauncher.execute(DefaultLauncher.java:170)
	at org.junit.platform.launcher.core.DefaultLauncher.execute(DefaultLauncher.java:154)
	at org.junit.platform.launcher.core.DefaultLauncher.execute(DefaultLauncher.java:90)
	at org.junit.platform.console.tasks.ConsoleTestExecutor.executeTests(ConsoleTestExecutor.java:65)
	at org.junit.platform.console.tasks.ConsoleTestExecutor.lambda$execute$0(ConsoleTestExecutor.java:57)
	at org.junit.platform.console.tasks.CustomContextClassLoaderExecutor.invoke(CustomContextClassLoaderExecutor.java:33)
	at org.junit.platform.console.tasks.ConsoleTestExecutor.execute(ConsoleTestExecutor.java:57)
	at org.junit.platform.console.ConsoleLauncher.executeTests(ConsoleLauncher.java:84)
	at org.junit.platform.console.ConsoleLauncher.execute(ConsoleLauncher.java:74)
	at org.junit.platform.console.ConsoleLauncher.execute(ConsoleLauncher.java:47)
	at org.junit.platform.console.ConsoleLauncher.main(ConsoleLauncher.java:39)
]]></failure>
<system-out><![CDATA[
unique-id: [engine:junit-jupiter]/[class:org.carlos_witek.it_is_always_utc_time.ilustration3.ExampleManagerTest]/[method:test_returningUser_afterAWeek()]
display-name: test_returningUser_afterAWeek()
]]></system-out>
</testcase>
<testcase name="test_returningUser_afterFewMinutes()" classname="org.carlos_witek.it_is_always_utc_time.ilustration3.ExampleManagerTest" time="0.001">
<failure message="expected: &lt;Hello, back for more?&gt; but was: &lt;Hello, nice to meet you!&gt;" type="org.opentest4j.AssertionFailedError"><![CDATA[org.opentest4j.AssertionFailedError: expected: <Hello, back for more?> but was: <Hello, nice to meet you!>
	at org.junit.jupiter.api.AssertionUtils.fail(AssertionUtils.java:52)
	at org.junit.jupiter.api.AssertEquals.failNotEqual(AssertEquals.java:197)
	at org.junit.jupiter.api.AssertEquals.assertEquals(AssertEquals.java:186)
	at org.junit.jupiter.api.AssertEquals.assertEquals(AssertEquals.java:181)
	at org.junit.jupiter.api.Assertions.assertEquals(Assertions.java:486)
	at org.carlos_witek.it_is_always_utc_time.ilustration3.ExampleManagerTest.test_returningUser_afterFewMinutes(ExampleManagerTest.java:33)
	at sun.reflect.NativeMethodAccessorImpl.invoke0(Native Method)
	at sun.reflect.NativeMethodAccessorImpl.invoke(NativeMethodAccessorImpl.java:62)
	at sun.reflect.DelegatingMethodAccessorImpl.invoke(DelegatingMethodAccessorImpl.java:43)
	at java.lang.reflect.Method.invoke(Method.java:498)
	at org.junit.platform.commons.util.ReflectionUtils.invokeMethod(ReflectionUtils.java:436)
	at org.junit.jupiter.engine.execution.ExecutableInvoker.invoke(ExecutableInvoker.java:115)
	at org.junit.jupiter.engine.descriptor.TestMethodTestDescriptor.lambda$invokeTestMethod$6(TestMethodTestDescriptor.java:170)
	at org.junit.jupiter.engine.execution.ThrowableCollector.execute(ThrowableCollector.java:40)
	at org.junit.jupiter.engine.descriptor.TestMethodTestDescriptor.invokeTestMethod(TestMethodTestDescriptor.java:166)
	at org.junit.jupiter.engine.descriptor.TestMethodTestDescriptor.execute(TestMethodTestDescriptor.java:113)
	at org.junit.jupiter.engine.descriptor.TestMethodTestDescriptor.execute(TestMethodTestDescriptor.java:58)
	at org.junit.platform.engine.support.hierarchical.HierarchicalTestExecutor$NodeExecutor.lambda$executeRecursively$3(HierarchicalTestExecutor.java:112)
	at org.junit.platform.engine.support.hierarchical.SingleTestExecutor.executeSafely(SingleTestExecutor.java:66)
	at org.junit.platform.engine.support.hierarchical.HierarchicalTestExecutor$NodeExecutor.executeRecursively(HierarchicalTestExecutor.java:108)
	at org.junit.platform.engine.support.hierarchical.HierarchicalTestExecutor$NodeExecutor.execute(HierarchicalTestExecutor.java:79)
	at org.junit.platform.engine.support.hierarchical.HierarchicalTestExecutor$NodeExecutor.lambda$executeRecursively$2(HierarchicalTestExecutor.java:120)
	at java.util.stream.ForEachOps$ForEachOp$OfRef.accept(ForEachOps.java:184)
	at java.util.stream.ReferencePipeline$2$1.accept(ReferencePipeline.java:175)
	at java.util.Iterator.forEachRemaining(Iterator.java:116)
	at java.util.Spliterators$IteratorSpliterator.forEachRemaining(Spliterators.java:1801)
	at java.util.stream.AbstractPipeline.copyInto(AbstractPipeline.java:481)
	at java.util.stream.AbstractPipeline.wrapAndCopyInto(AbstractPipeline.java:471)
	at java.util.stream.ForEachOps$ForEachOp.evaluateSequential(ForEachOps.java:151)
	at java.util.stream.ForEachOps$ForEachOp$OfRef.evaluateSequential(ForEachOps.java:174)
	at java.util.stream.AbstractPipeline.evaluate(AbstractPipeline.java:234)
	at java.util.stream.ReferencePipeline.forEach(ReferencePipeline.java:418)
	at org.junit.platform.engine.support.hierarchical.HierarchicalTestExecutor$NodeExecutor.lambda$executeRecursively$3(HierarchicalTestExecutor.java:120)
	at org.junit.platform.engine.support.hierarchical.SingleTestExecutor.executeSafely(SingleTestExecutor.java:66)
	at org.junit.platform.engine.support.hierarchical.HierarchicalTestExecutor$NodeExecutor.executeRecursively(HierarchicalTestExecutor.java:108)
	at org.junit.platform.engine.support.hierarchical.HierarchicalTestExecutor$NodeExecutor.execute(HierarchicalTestExecutor.java:79)
	at org.junit.platform.engine.support.hierarchical.HierarchicalTestExecutor$NodeExecutor.lambda$executeRecursively$2(HierarchicalTestExecutor.java:120)
	at java.util.stream.ForEachOps$ForEachOp$OfRef.accept(ForEachOps.java:184)
	at java.util.stream.ReferencePipeline$2$1.accept(ReferencePipeline.java:175)
	at java.util.Iterator.forEachRemaining(Iterator.java:116)
	at java.util.Spliterators$IteratorSpliterator.forEachRemaining(Spliterators.java:1801)
	at java.util.stream.AbstractPipeline.copyInto(AbstractPipeline.java:481)
	at java.util.stream.AbstractPipeline.wrapAndCopyInto(AbstractPipeline.java:471)
	at java.util.stream.ForEachOps$ForEachOp.evaluateSequential(ForEachOps.java:151)
	at java.util.stream.ForEachOps$ForEachOp$OfRef.evaluateSequential(ForEachOps.java:174)
	at java.util.stream.AbstractPipeline.evaluate(AbstractPipeline.java:234)
	at java.util.stream.ReferencePipeline.forEach(ReferencePipeline.java:418)
	at org.junit.platform.engine.support.hierarchical.HierarchicalTestExecutor$NodeExecutor.lambda$executeRecursively$3(HierarchicalTestExecutor.java:120)
	at org.junit.platform.engine.support.hierarchical.SingleTestExecutor.executeSafely(SingleTestExecutor.java:66)
	at org.junit.platform.engine.support.hierarchical.HierarchicalTestExecutor$NodeExecutor.executeRecursively(HierarchicalTestExecutor.java:108)
	at org.junit.platform.engine.support.hierarchical.HierarchicalTestExecutor$NodeExecutor.execute(HierarchicalTestExecutor.java:79)
	at org.junit.platform.engine.support.hierarchical.HierarchicalTestExecutor.execute(HierarchicalTestExecutor.java:55)
	at org.junit.platform.engine.support.hierarchical.HierarchicalTestEngine.execute(HierarchicalTestEngine.java:43)
	at org.junit.platform.launcher.core.DefaultLauncher.execute(DefaultLauncher.java:170)
	at org.junit.platform.launcher.core.DefaultLauncher.execute(DefaultLauncher.java:154)
	at org.junit.platform.launcher.core.DefaultLauncher.execute(DefaultLauncher.java:90)
	at org.junit.platform.console.tasks.ConsoleTestExecutor.executeTests(ConsoleTestExecutor.java:65)
	at org.junit.platform.console.tasks.ConsoleTestExecutor.lambda$execute$0(ConsoleTestExecutor.java:57)
	at org.junit.platform.console.tasks.CustomContextClassLoaderExecutor.invoke(CustomContextClassLoaderExecutor.java:33)
	at org.junit.platform.console.tasks.ConsoleTestExecutor.execute(ConsoleTestExecutor.java:57)
	at org.junit.platform.console.ConsoleLauncher.executeTests(ConsoleLauncher.java:84)
	at org.junit.platform.console.ConsoleLauncher.execute(ConsoleLauncher.java:74)
	at org.junit.platform.console.ConsoleLauncher.execute(ConsoleLauncher.java:47)
	at org.junit.platform.console.ConsoleLauncher.main(ConsoleLauncher.java:39)
]]></failure>
<system-out><![CDATA[
unique-id: [engine:junit-jupiter]/[class:org.carlos_witek.it_is_always_utc_time.ilustration3.ExampleManagerTest]/[method:test_returningUser_afterFewMinutes()]
display-name: test_returningUser_afterFewMinutes()
]]></system-out>
</testcase>
<testcase name="test_newUser()" classname="org.carlos_witek.it_is_always_utc_time.ilustration3.ExampleManagerTest" time="0.001">
<system-out><![CDATA[
unique-id: [engine:junit-jupiter]/[class:org.carlos_witek.it_is_always_utc_time.ilustration3.ExampleManagerTest]/[method:test_newUser()]
display-name: test_newUser()
]]></system-out>
</testcase>
<testcase name="test_returningUser_afterADay()" classname="org.carlos_witek.it_is_always_utc_time.ilustration3.ExampleManagerTest" time="0.001">
<failure message="expected: &lt;Hello, I haven't see you since yesterday!&gt; but was: &lt;Hello, nice to meet you!&gt;" type="org.opentest4j.AssertionFailedError"><![CDATA[org.opentest4j.AssertionFailedError: expected: <Hello, I haven't see you since yesterday!> but was: <Hello, nice to meet you!>
	at org.junit.jupiter.api.AssertionUtils.fail(AssertionUtils.java:52)
	at org.junit.jupiter.api.AssertEquals.failNotEqual(AssertEquals.java:197)
	at org.junit.jupiter.api.AssertEquals.assertEquals(AssertEquals.java:186)
	at org.junit.jupiter.api.AssertEquals.assertEquals(AssertEquals.java:181)
	at org.junit.jupiter.api.Assertions.assertEquals(Assertions.java:486)
	at org.carlos_witek.it_is_always_utc_time.ilustration3.ExampleManagerTest.test_returningUser_afterADay(ExampleManagerTest.java:45)
	at sun.reflect.NativeMethodAccessorImpl.invoke0(Native Method)
	at sun.reflect.NativeMethodAccessorImpl.invoke(NativeMethodAccessorImpl.java:62)
	at sun.reflect.DelegatingMethodAccessorImpl.invoke(DelegatingMethodAccessorImpl.java:43)
	at java.lang.reflect.Method.invoke(Method.java:498)
	at org.junit.platform.commons.util.ReflectionUtils.invokeMethod(ReflectionUtils.java:436)
	at org.junit.jupiter.engine.execution.ExecutableInvoker.invoke(ExecutableInvoker.java:115)
	at org.junit.jupiter.engine.descriptor.TestMethodTestDescriptor.lambda$invokeTestMethod$6(TestMethodTestDescriptor.java:170)
	at org.junit.jupiter.engine.execution.ThrowableCollector.execute(ThrowableCollector.java:40)
	at org.junit.jupiter.engine.descriptor.TestMethodTestDescriptor.invokeTestMethod(TestMethodTestDescriptor.java:166)
	at org.junit.jupiter.engine.descriptor.TestMethodTestDescriptor.execute(TestMethodTestDescriptor.java:113)
	at org.junit.jupiter.engine.descriptor.TestMethodTestDescriptor.execute(TestMethodTestDescriptor.java:58)
	at org.junit.platform.engine.support.hierarchical.HierarchicalTestExecutor$NodeExecutor.lambda$executeRecursively$3(HierarchicalTestExecutor.java:112)
	at org.junit.platform.engine.support.hierarchical.SingleTestExecutor.executeSafely(SingleTestExecutor.java:66)
	at org.junit.platform.engine.support.hierarchical.HierarchicalTestExecutor$NodeExecutor.executeRecursively(HierarchicalTestExecutor.java:108)
	at org.junit.platform.engine.support.hierarchical.HierarchicalTestExecutor$NodeExecutor.execute(HierarchicalTestExecutor.java:79)
	at org.junit.platform.engine.support.hierarchical.HierarchicalTestExecutor$NodeExecutor.lambda$executeRecursively$2(HierarchicalTestExecutor.java:120)
	at java.util.stream.ForEachOps$ForEachOp$OfRef.accept(ForEachOps.java:184)
	at java.util.stream.ReferencePipeline$2$1.accept(ReferencePipeline.java:175)
	at java.util.Iterator.forEachRemaining(Iterator.java:116)
	at java.util.Spliterators$IteratorSpliterator.forEachRemaining(Spliterators.java:1801)
	at java.util.stream.AbstractPipeline.copyInto(AbstractPipeline.java:481)
	at java.util.stream.AbstractPipeline.wrapAndCopyInto(AbstractPipeline.java:471)
	at java.util.stream.ForEachOps$ForEachOp.evaluateSequential(ForEachOps.java:151)
	at java.util.stream.ForEachOps$ForEachOp$OfRef.evaluateSequential(ForEachOps.java:174)
	at java.util.stream.AbstractPipeline.evaluate(AbstractPipeline.java:234)
	at java.util.stream.ReferencePipeline.forEach(ReferencePipeline.java:418)
	at org.junit.platform.engine.support.hierarchical.HierarchicalTestExecutor$NodeExecutor.lambda$executeRecursively$3(HierarchicalTestExecutor.java:120)
	at org.junit.platform.engine.support.hierarchical.SingleTestExecutor.executeSafely(SingleTestExecutor.java:66)
	at org.junit.platform.engine.support.hierarchical.HierarchicalTestExecutor$NodeExecutor.executeRecursively(HierarchicalTestExecutor.java:108)
	at org.junit.platform.engine.support.hierarchical.HierarchicalTestExecutor$NodeExecutor.execute(HierarchicalTestExecutor.java:79)
	at org.junit.platform.engine.support.hierarchical.HierarchicalTestExecutor$NodeExecutor.lambda$executeRecursively$2(HierarchicalTestExecutor.java:120)
	at java.util.stream.ForEachOps$ForEachOp$OfRef.accept(ForEachOps.java:184)
	at java.util.stream.ReferencePipeline$2$1.accept(ReferencePipeline.java:175)
	at java.util.Iterator.forEachRemaining(Iterator.java:116)
	at java.util.Spliterators$IteratorSpliterator.forEachRemaining(Spliterators.java:1801)
	at java.util.stream.AbstractPipeline.copyInto(AbstractPipeline.java:481)
	at java.util.stream.AbstractPipeline.wrapAndCopyInto(AbstractPipeline.java:471)
	at java.util.stream.ForEachOps$ForEachOp.evaluateSequential(ForEachOps.java:151)
	at java.util.stream.ForEachOps$ForEachOp$OfRef.evaluateSequential(ForEachOps.java:174)
	at java.util.stream.AbstractPipeline.evaluate(AbstractPipeline.java:234)
	at java.util.stream.ReferencePipeline.forEach(ReferencePipeline.java:418)
	at org.junit.platform.engine.support.hierarchical.HierarchicalTestExecutor$NodeExecutor.lambda$executeRecursively$3(HierarchicalTestExecutor.java:120)
	at org.junit.platform.engine.support.hierarchical.SingleTestExecutor.executeSafely(SingleTestExecutor.java:66)
	at org.junit.platform.engine.support.hierarchical.HierarchicalTestExecutor$NodeExecutor.executeRecursively(HierarchicalTestExecutor.java:108)
	at org.junit.platform.engine.support.hierarchical.HierarchicalTestExecutor$NodeExecutor.execute(HierarchicalTestExecutor.java:79)
	at org.junit.platform.engine.support.hierarchical.HierarchicalTestExecutor.execute(HierarchicalTestExecutor.java:55)
	at org.junit.platform.engine.support.hierarchical.HierarchicalTestEngine.execute(HierarchicalTestEngine.java:43)
	at org.junit.platform.launcher.core.DefaultLauncher.execute(DefaultLauncher.java:170)
	at org.junit.platform.launcher.core.DefaultLauncher.execute(DefaultLauncher.java:154)
	at org.junit.platform.launcher.core.DefaultLauncher.execute(DefaultLauncher.java:90)
	at org.junit.platform.console.tasks.ConsoleTestExecutor.executeTests(ConsoleTestExecutor.java:65)
	at org.junit.platform.console.tasks.ConsoleTestExecutor.lambda$execute$0(ConsoleTestExecutor.java:57)
	at org.junit.platform.console.tasks.CustomContextClassLoaderExecutor.invoke(CustomContextClassLoaderExecutor.java:33)
	at org.junit.platform.console.tasks.ConsoleTestExecutor.execute(ConsoleTestExecutor.java:57)
	at org.junit.platform.console.ConsoleLauncher.executeTests(ConsoleLauncher.java:84)
	at org.junit.platform.console.ConsoleLauncher.execute(ConsoleLauncher.java:74)
	at org.junit.platform.console.ConsoleLauncher.execute(ConsoleLauncher.java:47)
	at org.junit.platform.console.ConsoleLauncher.main(ConsoleLauncher.java:39)
]]></failure>
<system-out><![CDATA[
unique-id: [engine:junit-jupiter]/[class:org.carlos_witek.it_is_always_utc_time.ilustration3.ExampleManagerTest]/[method:test_returningUser_afterADay()]
display-name: test_returningUser_afterADay()
]]></system-out>
</testcase>
<system-out><![CDATA[
unique-id: [engine:junit-jupiter]
display-name: JUnit Jupiter
]]></system-out>
</testsuite>
